<?xml version="1.0" encoding="UTF-8"?>
<testng-results skipped="0" failed="1" total="4" passed="3">
  <reporter-output>
  </reporter-output>
  <suite name="Suite" duration-ms="61450" started-at="2021-09-17T12:02:20Z" finished-at="2021-09-17T12:03:21Z">
    <groups>
    </groups>
    <test name=" App Testing" duration-ms="4" started-at="2021-09-17T12:02:20Z" finished-at="2021-09-17T12:02:20Z">
    </test> <!--  App Testing -->
    <test name="Validating navigation bar" duration-ms="51723" started-at="2021-09-17T12:02:20Z" finished-at="2021-09-17T12:03:12Z">
      <class name="Academy.validateNavigationBar">
        <test-method status="PASS" signature="initialize()[pri:0, instance:Academy.validateNavigationBar@503f91c3]" name="initialize" is-config="true" duration-ms="38078" started-at="2021-09-17T17:32:20Z" finished-at="2021-09-17T17:32:58Z">
          <reporter-output>
          </reporter-output>
        </test-method> <!-- initialize -->
        <test-method status="PASS" signature="basePageNavigation()[pri:0, instance:Academy.validateNavigationBar@503f91c3]" name="basePageNavigation" duration-ms="11476" started-at="2021-09-17T17:32:58Z" finished-at="2021-09-17T17:33:10Z">
          <reporter-output>
          </reporter-output>
        </test-method> <!-- basePageNavigation -->
        <test-method status="PASS" signature="teardown()[pri:0, instance:Academy.validateNavigationBar@503f91c3]" name="teardown" is-config="true" duration-ms="1948" started-at="2021-09-17T17:33:10Z" finished-at="2021-09-17T17:33:12Z">
          <reporter-output>
          </reporter-output>
        </test-method> <!-- teardown -->
      </class> <!-- Academy.validateNavigationBar -->
    </test> <!-- Validating navigation bar -->
    <test name="Validating title in the page" duration-ms="56497" started-at="2021-09-17T12:02:20Z" finished-at="2021-09-17T12:03:16Z">
      <class name="Academy.validateTitle">
        <test-method status="PASS" signature="initialize()[pri:0, instance:Academy.validateTitle@465232e9]" name="initialize" is-config="true" duration-ms="27101" started-at="2021-09-17T17:32:20Z" finished-at="2021-09-17T17:32:47Z">
          <reporter-output>
          </reporter-output>
        </test-method> <!-- initialize -->
        <test-method status="FAIL" signature="basePageNavigation()[pri:0, instance:Academy.validateTitle@465232e9]" name="basePageNavigation" duration-ms="22454" started-at="2021-09-17T17:32:47Z" finished-at="2021-09-17T17:33:10Z">
          <exception class="java.lang.AssertionError">
            <message>
              <![CDATA[expected [Features Course123] but found [FEATURED COURSES]]]>
            </message>
            <full-stacktrace>
              <![CDATA[java.lang.AssertionError: expected [Features Course123] but found [FEATURED COURSES]
	at org.testng.Assert.fail(Assert.java:94)
	at org.testng.Assert.failNotEquals(Assert.java:494)
	at org.testng.Assert.assertEquals(Assert.java:123)
	at org.testng.Assert.assertEquals(Assert.java:176)
	at org.testng.Assert.assertEquals(Assert.java:186)
	at Academy.validateTitle.basePageNavigation(validateTitle.java:33)
	at sun.reflect.NativeMethodAccessorImpl.invoke0(Native Method)
	at sun.reflect.NativeMethodAccessorImpl.invoke(NativeMethodAccessorImpl.java:62)
	at sun.reflect.DelegatingMethodAccessorImpl.invoke(DelegatingMethodAccessorImpl.java:43)
	at java.lang.reflect.Method.invoke(Method.java:498)
	at org.testng.internal.MethodInvocationHelper.invokeMethod(MethodInvocationHelper.java:80)
	at org.testng.internal.Invoker.invokeMethod(Invoker.java:714)
	at org.testng.internal.Invoker.invokeTestMethod(Invoker.java:901)
	at org.testng.internal.Invoker.invokeTestMethods(Invoker.java:1231)
	at org.testng.internal.TestMethodWorker.invokeTestMethods(TestMethodWorker.java:127)
	at org.testng.internal.TestMethodWorker.run(TestMethodWorker.java:111)
	at org.testng.TestRunner.privateRun(TestRunner.java:767)
	at org.testng.TestRunner.run(TestRunner.java:617)
	at org.testng.SuiteRunner.runTest(SuiteRunner.java:334)
	at org.testng.SuiteRunner.access$000(SuiteRunner.java:37)
	at org.testng.SuiteRunner$SuiteWorker.run(SuiteRunner.java:368)
	at org.testng.internal.thread.ThreadUtil$2.call(ThreadUtil.java:64)
	at java.util.concurrent.FutureTask.run(FutureTask.java:266)
	at java.util.concurrent.ThreadPoolExecutor.runWorker(ThreadPoolExecutor.java:1149)
	at java.util.concurrent.ThreadPoolExecutor$Worker.run(ThreadPoolExecutor.java:624)
	at java.lang.Thread.run(Thread.java:748)
]]>
            </full-stacktrace>
          </exception> <!-- java.lang.AssertionError -->
          <reporter-output>
          </reporter-output>
        </test-method> <!-- basePageNavigation -->
        <test-method status="PASS" signature="teardown()[pri:0, instance:Academy.validateTitle@465232e9]" name="teardown" is-config="true" duration-ms="5330" started-at="2021-09-17T17:33:11Z" finished-at="2021-09-17T17:33:16Z">
          <reporter-output>
          </reporter-output>
        </test-method> <!-- teardown -->
      </class> <!-- Academy.validateTitle -->
    </test> <!-- Validating title in the page -->
    <test name="Validating user Login" duration-ms="61450" started-at="2021-09-17T12:02:20Z" finished-at="2021-09-17T12:03:21Z">
      <class name="Academy.HomePage">
        <test-method status="PASS" signature="initialize()[pri:0, instance:Academy.HomePage@5276d6ee]" name="initialize" is-config="true" duration-ms="27080" started-at="2021-09-17T17:32:20Z" finished-at="2021-09-17T17:32:47Z">
          <reporter-output>
          </reporter-output>
        </test-method> <!-- initialize -->
        <test-method status="PASS" signature="basePageNavigation(java.lang.String, java.lang.String, java.lang.String)[pri:0, instance:Academy.HomePage@5276d6ee]" name="basePageNavigation" duration-ms="24431" started-at="2021-09-17T17:32:47Z" data-provider="getdata" finished-at="2021-09-17T17:33:11Z">
          <params>
            <param index="0">
              <value>
                <![CDATA[nonrestricteduser@qaclick.com]]>
              </value>
            </param>
            <param index="1">
              <value>
                <![CDATA[123456]]>
              </value>
            </param>
            <param index="2">
              <value>
                <![CDATA[Restricted User]]>
              </value>
            </param>
          </params>
          <reporter-output>
          </reporter-output>
        </test-method> <!-- basePageNavigation -->
        <test-method status="PASS" signature="basePageNavigation(java.lang.String, java.lang.String, java.lang.String)[pri:0, instance:Academy.HomePage@5276d6ee]" name="basePageNavigation" duration-ms="8832" started-at="2021-09-17T17:33:11Z" data-provider="getdata" finished-at="2021-09-17T17:33:20Z">
          <params>
            <param index="0">
              <value>
                <![CDATA[restricteduser@qaclick.com]]>
              </value>
            </param>
            <param index="1">
              <value>
                <![CDATA[456789]]>
              </value>
            </param>
            <param index="2">
              <value>
                <![CDATA[Nonrestricted User]]>
              </value>
            </param>
          </params>
          <reporter-output>
          </reporter-output>
        </test-method> <!-- basePageNavigation -->
        <test-method status="PASS" signature="teardown()[pri:0, instance:Academy.HomePage@5276d6ee]" name="teardown" is-config="true" duration-ms="1098" started-at="2021-09-17T17:33:20Z" finished-at="2021-09-17T17:33:21Z">
          <reporter-output>
          </reporter-output>
        </test-method> <!-- teardown -->
      </class> <!-- Academy.HomePage -->
    </test> <!-- Validating user Login -->
  </suite> <!-- Suite -->
</testng-results>
