<?xml version="1.0" encoding="UTF-8"?>
<!-- Generated by org.testng.reporters.JUnitXMLReporter -->
<testsuite hostname="LAPTOP-RISIA25B" name="Test" tests="4" failures="1" timestamp="17 Sep 2021 05:59:15 GMT" time="138.909" errors="0">
  <testcase name="basePageNavigation" time="0.177" classname="Academy.validateNavigationBar"/>
  <testcase name="basePageNavigation" time="0.096" classname="Academy.validateTitle">
    <failure type="java.lang.AssertionError" message="expected [Features Course123] but found [FEATURED COURSES]">
      <![CDATA[java.lang.AssertionError: expected [Features Course123] but found [FEATURED COURSES]
	at Academy.validateTitle.basePageNavigation(validateTitle.java:31)
	at org.apache.maven.surefire.testng.TestNGExecutor.run(TestNGExecutor.java:283)
	at org.apache.maven.surefire.testng.TestNGXmlTestSuite.execute(TestNGXmlTestSuite.java:75)
	at org.apache.maven.surefire.testng.TestNGProvider.invoke(TestNGProvider.java:120)
	at org.apache.maven.surefire.booter.ForkedBooter.invokeProviderInSameClassLoader(ForkedBooter.java:386)
	at org.apache.maven.surefire.booter.ForkedBooter.runSuitesInProcess(ForkedBooter.java:323)
	at org.apache.maven.surefire.booter.ForkedBooter.main(ForkedBooter.java:143)
... Removed 26 stack frames]]>
    </failure>
  </testcase> <!-- basePageNavigation -->
  <testcase name="basePageNavigation" time="5.114" classname="Academy.HomePage"/>
  <testcase name="basePageNavigation" time="7.912" classname="Academy.HomePage"/>
</testsuite> <!-- Test -->
