<?xml version="1.0" encoding="UTF-8"?>
<!-- Generated by org.testng.reporters.JUnitXMLReporter -->
<testsuite hostname="LAPTOP-RISIA25B" name="Validating title in the page" tests="1" failures="1" timestamp="17 Sep 2021 12:03:16 GMT" time="56.497" errors="0">
  <testcase name="basePageNavigation" time="22.454" classname="Academy.validateTitle">
    <failure type="java.lang.AssertionError" message="expected [Features Course123] but found [FEATURED COURSES]">
      <![CDATA[java.lang.AssertionError: expected [Features Course123] but found [FEATURED COURSES]
	at Academy.validateTitle.basePageNavigation(validateTitle.java:33)
	at java.util.concurrent.FutureTask.run(FutureTask.java:266)
	at java.util.concurrent.ThreadPoolExecutor.runWorker(ThreadPoolExecutor.java:1149)
	at java.util.concurrent.ThreadPoolExecutor$Worker.run(ThreadPoolExecutor.java:624)
	at java.lang.Thread.run(Thread.java:748)
... Removed 21 stack frames]]>
    </failure>
  </testcase> <!-- basePageNavigation -->
</testsuite> <!-- Validating title in the page -->
