<?xml version="1.0" encoding="UTF-8"?>
<!-- Generated by org.testng.reporters.JUnitXMLReporter -->
<testsuite hostname="LAPTOP-RISIA25B" name="Validating title in the page" tests="1" failures="1" timestamp="17 Sep 2021 11:28:18 GMT" time="71.387" errors="0">
  <testcase name="basePageNavigation" time="0.851" classname="Academy.validateTitle">
    <failure type="java.lang.AssertionError" message="expected [Features Course123] but found [FEATURED COURSES]">
      <![CDATA[java.lang.AssertionError: expected [Features Course123] but found [FEATURED COURSES]
	at Academy.validateTitle.basePageNavigation(validateTitle.java:33)
	at java.util.concurrent.FutureTask.run(Unknown Source)
	at java.util.concurrent.ThreadPoolExecutor.runWorker(Unknown Source)
	at java.util.concurrent.ThreadPoolExecutor$Worker.run(Unknown Source)
	at java.lang.Thread.run(Unknown Source)
... Removed 21 stack frames]]>
    </failure>
  </testcase> <!-- basePageNavigation -->
</testsuite> <!-- Validating title in the page -->
